2024-08-03 19:54:47.477+0000 WARN [o.n.k.i.JvmChecker] You are using an unsupported version of the Java runtime. Please use Oracle(R) Java(TM) Runtime Environment 8, OpenJDK(TM) 8 or IBM J9.
2024-08-03 19:54:47.489+0000 WARN [o.n.i.p.PageCache] The dbms.memory.pagecache.size setting has not been configured. It is recommended that this setting is always explicitly configured, to ensure the system has a balanced configuration. Until then, a computed heuristic value of 6091358208 bytes will be used instead. Run `neo4j-admin memrec` for memory configuration suggestions.
2024-08-03 19:54:47.685+0000 INFO [o.n.k.i.f.CommunityEditionModule] No locking implementation specified, defaulting to 'forseti'
2024-08-03 19:54:47.762+0000 INFO [o.n.k.AvailabilityGuard] Requirement makes database unavailable: Database available
2024-08-03 19:54:47.768+0000 INFO [o.n.k.i.DiagnosticsManager] --- INITIALIZED diagnostics START ---
2024-08-03 19:54:47.768+0000 INFO [o.n.k.i.DiagnosticsManager] Neo4j Kernel properties:
2024-08-03 19:54:47.769+0000 INFO [o.n.k.i.DiagnosticsManager] dbms.auto_index.relationships.enabled=true
2024-08-03 19:54:47.769+0000 INFO [o.n.k.i.DiagnosticsManager] dbms.auto_index.nodes.enabled=true
2024-08-03 19:54:47.769+0000 INFO [o.n.k.i.DiagnosticsManager] unsupported.dbms.directories.neo4j_home=/media/armazenamento/www/exakat/exacat-phar/exakat-2.6.7/tinkergraph/db/neo4j
2024-08-03 19:54:47.769+0000 INFO [o.n.k.i.DiagnosticsManager] unsupported.dbms.edition=community
2024-08-03 19:54:47.769+0000 INFO [o.n.k.i.DiagnosticsManager] unsupported.dbms.ephemeral=false
2024-08-03 19:54:47.769+0000 INFO [o.n.k.i.DiagnosticsManager] Diagnostics providers:
2024-08-03 19:54:47.769+0000 INFO [o.n.k.i.DiagnosticsManager] org.neo4j.kernel.configuration.Config
2024-08-03 19:54:47.769+0000 INFO [o.n.k.i.DiagnosticsManager] org.neo4j.kernel.info.DiagnosticsManager
2024-08-03 19:54:47.769+0000 INFO [o.n.k.i.DiagnosticsManager] SYSTEM_MEMORY
2024-08-03 19:54:47.769+0000 INFO [o.n.k.i.DiagnosticsManager] JAVA_MEMORY
2024-08-03 19:54:47.769+0000 INFO [o.n.k.i.DiagnosticsManager] OPERATING_SYSTEM
2024-08-03 19:54:47.769+0000 INFO [o.n.k.i.DiagnosticsManager] JAVA_VIRTUAL_MACHINE
2024-08-03 19:54:47.769+0000 INFO [o.n.k.i.DiagnosticsManager] CLASSPATH
2024-08-03 19:54:47.769+0000 INFO [o.n.k.i.DiagnosticsManager] LIBRARY_PATH
2024-08-03 19:54:47.769+0000 INFO [o.n.k.i.DiagnosticsManager] SYSTEM_PROPERTIES
2024-08-03 19:54:47.769+0000 INFO [o.n.k.i.DiagnosticsManager] TIMEZONE_DATABASE
2024-08-03 19:54:47.769+0000 INFO [o.n.k.i.DiagnosticsManager] LINUX_SCHEDULERS
2024-08-03 19:54:47.769+0000 INFO [o.n.k.i.DiagnosticsManager] NETWORK
2024-08-03 19:54:47.769+0000 INFO [o.n.k.i.DiagnosticsManager] System memory information:
2024-08-03 19:54:47.771+0000 INFO [o.n.k.i.DiagnosticsManager] Total Physical memory: 15.35 GB
2024-08-03 19:54:47.771+0000 INFO [o.n.k.i.DiagnosticsManager] Free Physical memory: 246.88 MB
2024-08-03 19:54:47.771+0000 INFO [o.n.k.i.DiagnosticsManager] Committed virtual memory: 7.69 GB
2024-08-03 19:54:47.771+0000 INFO [o.n.k.i.DiagnosticsManager] Total swap space: 4.00 GB
2024-08-03 19:54:47.772+0000 INFO [o.n.k.i.DiagnosticsManager] Free swap space: 781.84 MB
2024-08-03 19:54:47.772+0000 INFO [o.n.k.i.DiagnosticsManager] JVM memory information:
2024-08-03 19:54:47.772+0000 INFO [o.n.k.i.DiagnosticsManager] Free  memory: 463.83 MB
2024-08-03 19:54:47.772+0000 INFO [o.n.k.i.DiagnosticsManager] Total memory: 514.00 MB
2024-08-03 19:54:47.772+0000 INFO [o.n.k.i.DiagnosticsManager] Max   memory: 4.00 GB
2024-08-03 19:54:47.773+0000 INFO [o.n.k.i.DiagnosticsManager] Garbage Collector: G1 Young Generation: [G1 Eden Space, G1 Survivor Space, G1 Old Gen]
2024-08-03 19:54:47.773+0000 INFO [o.n.k.i.DiagnosticsManager] Garbage Collector: G1 Old Generation: [G1 Eden Space, G1 Survivor Space, G1 Old Gen]
2024-08-03 19:54:47.774+0000 INFO [o.n.k.i.DiagnosticsManager] Memory Pool: CodeHeap 'non-nmethods' (Non-heap memory): committed=2.44 MB, used=2.32 MB, max=7.25 MB, threshold=0.00 B
2024-08-03 19:54:47.774+0000 INFO [o.n.k.i.DiagnosticsManager] Memory Pool: Metaspace (Non-heap memory): committed=19.75 MB, used=19.08 MB, max=-1.00 B, threshold=0.00 B
2024-08-03 19:54:47.774+0000 INFO [o.n.k.i.DiagnosticsManager] Memory Pool: CodeHeap 'profiled nmethods' (Non-heap memory): committed=5.38 MB, used=5.37 MB, max=116.38 MB, threshold=0.00 B
2024-08-03 19:54:47.774+0000 INFO [o.n.k.i.DiagnosticsManager] Memory Pool: Compressed Class Space (Non-heap memory): committed=2.75 MB, used=2.48 MB, max=1.00 GB, threshold=0.00 B
2024-08-03 19:54:47.774+0000 INFO [o.n.k.i.DiagnosticsManager] Memory Pool: G1 Eden Space (Heap memory): committed=82.00 MB, used=29.00 MB, max=-1.00 B, threshold=?
2024-08-03 19:54:47.775+0000 INFO [o.n.k.i.DiagnosticsManager] Memory Pool: G1 Old Gen (Heap memory): committed=426.00 MB, used=14.65 MB, max=4.00 GB, threshold=0.00 B
2024-08-03 19:54:47.775+0000 INFO [o.n.k.i.DiagnosticsManager] Memory Pool: G1 Survivor Space (Heap memory): committed=6.00 MB, used=6.00 MB, max=-1.00 B, threshold=?
2024-08-03 19:54:47.775+0000 INFO [o.n.k.i.DiagnosticsManager] Memory Pool: CodeHeap 'non-profiled nmethods' (Non-heap memory): committed=2.44 MB, used=1.09 MB, max=116.38 MB, threshold=0.00 B
2024-08-03 19:54:47.775+0000 INFO [o.n.k.i.DiagnosticsManager] Operating system information:
2024-08-03 19:54:47.775+0000 INFO [o.n.k.i.DiagnosticsManager] Operating System: Linux; version: 6.2.0-39-generic; arch: amd64; cpus: 16
2024-08-03 19:54:47.775+0000 INFO [o.n.k.i.DiagnosticsManager] Max number of file descriptors: 1048576
2024-08-03 19:54:47.775+0000 INFO [o.n.k.i.DiagnosticsManager] Number of open file descriptors: 198
2024-08-03 19:54:47.779+0000 INFO [o.n.k.i.DiagnosticsManager] Process id: 901888@felideo-g15
2024-08-03 19:54:47.779+0000 INFO [o.n.k.i.DiagnosticsManager] Byte order: LITTLE_ENDIAN
2024-08-03 19:54:47.779+0000 INFO [o.n.k.i.DiagnosticsManager] Local timezone: America/Sao_Paulo
2024-08-03 19:54:47.779+0000 INFO [o.n.k.i.DiagnosticsManager] JVM information:
2024-08-03 19:54:47.779+0000 INFO [o.n.k.i.DiagnosticsManager] VM Name: OpenJDK 64-Bit Server VM
2024-08-03 19:54:47.779+0000 INFO [o.n.k.i.DiagnosticsManager] VM Vendor: Ubuntu
2024-08-03 19:54:47.779+0000 INFO [o.n.k.i.DiagnosticsManager] VM Version: 11.0.21+9-post-Ubuntu-0ubuntu123.04
2024-08-03 19:54:47.779+0000 INFO [o.n.k.i.DiagnosticsManager] JIT compiler: HotSpot 64-Bit Tiered Compilers
2024-08-03 19:54:47.779+0000 INFO [o.n.k.i.DiagnosticsManager] VM Arguments: [-Dlogback.configurationFile=file:/media/armazenamento/www/exakat/exacat-phar/exakat-2.6.7/tinkergraph/conf/logback.xml, -Xms512m, -Xmx4096m]
2024-08-03 19:54:47.779+0000 INFO [o.n.k.i.DiagnosticsManager] Java classpath:
2024-08-03 19:54:47.780+0000 INFO [o.n.k.i.DiagnosticsManager]  [classpath] /media/armazenamento/www/exakat/exacat-phar/exakat-2.6.7/tinkergraph/lib/netty-transport-native-epoll-4.1.96.Final-linux-x86_64.jar
2024-08-03 19:54:47.780+0000 INFO [o.n.k.i.DiagnosticsManager]  [classpath] /media/armazenamento/www/exakat/exacat-phar/exakat-2.6.7/tinkergraph/ext/neo4j-gremlin/plugin/lucene-core-5.5.5.jar
2024-08-03 19:54:47.780+0000 INFO [o.n.k.i.DiagnosticsManager]  [classpath] /media/armazenamento/www/exakat/exacat-phar/exakat-2.6.7/tinkergraph/ext/neo4j-gremlin/plugin/asm-tree-6.2.jar
2024-08-03 19:54:47.780+0000 INFO [o.n.k.i.DiagnosticsManager]  [classpath] /media/armazenamento/www/exakat/exacat-phar/exakat-2.6.7/tinkergraph/ext/neo4j-gremlin/plugin/neo4j-logging-3.4.11.jar
2024-08-03 19:54:47.780+0000 INFO [o.n.k.i.DiagnosticsManager]  [classpath] /media/armazenamento/www/exakat/exacat-phar/exakat-2.6.7/tinkergraph/ext/neo4j-gremlin/plugin/neo4j-lucene-index-3.4.11.jar
2024-08-03 19:54:47.780+0000 INFO [o.n.k.i.DiagnosticsManager]  [classpath] /media/armazenamento/www/exakat/exacat-phar/exakat-2.6.7/tinkergraph/ext/neo4j-gremlin/plugin/neo4j-causal-clustering-3.4.11.jar
2024-08-03 19:54:47.780+0000 INFO [o.n.k.i.DiagnosticsManager]  [classpath] /media/armazenamento/www/exakat/exacat-phar/exakat-2.6.7/tinkergraph/lib/groovy-jsr223-4.0.9.jar
2024-08-03 19:54:47.780+0000 INFO [o.n.k.i.DiagnosticsManager]  [classpath] /media/armazenamento/www/exakat/exacat-phar/exakat-2.6.7/tinkergraph/lib/netty-codec-memcache-4.1.96.Final.jar
2024-08-03 19:54:47.780+0000 INFO [o.n.k.i.DiagnosticsManager]  [classpath] /media/armazenamento/www/exakat/exacat-phar/exakat-2.6.7/tinkergraph/ext/neo4j-gremlin/plugin/caffeine-2.6.2.jar
2024-08-03 19:54:47.780+0000 INFO [o.n.k.i.DiagnosticsManager]  [classpath] /media/armazenamento/www/exakat/exacat-phar/exakat-2.6.7/tinkergraph/ext/gremlin-groovy/plugin/gremlin-groovy-3.7.1.jar
2024-08-03 19:54:47.780+0000 INFO [o.n.k.i.DiagnosticsManager]  [classpath] /media/armazenamento/www/exakat/exacat-phar/exakat-2.6.7/tinkergraph/lib/gremlin-util-3.7.1.jar
2024-08-03 19:54:47.780+0000 INFO [o.n.k.i.DiagnosticsManager]  [classpath] /media/armazenamento/www/exakat/exacat-phar/exakat-2.6.7/tinkergraph/ext/neo4j-gremlin/plugin/neo4j-query-logging-3.4.11.jar
2024-08-03 19:54:47.780+0000 INFO [o.n.k.i.DiagnosticsManager]  [classpath] /media/armazenamento/www/exakat/exacat-phar/exakat-2.6.7/tinkergraph/lib/netty-codec-stomp-4.1.96.Final.jar
2024-08-03 19:54:47.780+0000 INFO [o.n.k.i.DiagnosticsManager]  [classpath] /media/armazenamento/www/exakat/exacat-phar/exakat-2.6.7/tinkergraph/ext/neo4j-gremlin/plugin/shiro-crypto-core-1.4.0.jar
2024-08-03 19:54:47.780+0000 INFO [o.n.k.i.DiagnosticsManager]  [classpath] /media/armazenamento/www/exakat/exacat-phar/exakat-2.6.7/tinkergraph/ext/neo4j-gremlin/plugin/neo4j-procedure-api-3.4.11.jar
2024-08-03 19:54:47.780+0000 INFO [o.n.k.i.DiagnosticsManager]  [classpath] /media/armazenamento/www/exakat/exacat-phar/exakat-2.6.7/tinkergraph/ext/neo4j-gremlin/plugin/neo4j-graph-matching-3.1.9.jar
2024-08-03 19:54:47.780+0000 INFO [o.n.k.i.DiagnosticsManager]  [classpath] /media/armazenamento/www/exakat/exacat-phar/exakat-2.6.7/tinkergraph/lib/netty-codec-dns-4.1.96.Final.jar
2024-08-03 19:54:47.780+0000 INFO [o.n.k.i.DiagnosticsManager]  [classpath] /media/armazenamento/www/exakat/exacat-phar/exakat-2.6.7/tinkergraph/ext/neo4j-gremlin/plugin/jackson-core-asl-1.9.13.jar
2024-08-03 19:54:47.780+0000 INFO [o.n.k.i.DiagnosticsManager]  [classpath] /media/armazenamento/www/exakat/exacat-phar/exakat-2.6.7/tinkergraph/ext/neo4j-gremlin/plugin/neo4j-tinkerpop-api-0.1.1.jar
2024-08-03 19:54:47.780+0000 INFO [o.n.k.i.DiagnosticsManager]  [classpath] /media/armazenamento/www/exakat/exacat-phar/exakat-2.6.7/tinkergraph/lib/netty-codec-xml-4.1.96.Final.jar
2024-08-03 19:54:47.780+0000 INFO [o.n.k.i.DiagnosticsManager]  [classpath + classpath] /media/armazenamento/www/exakat/exacat-phar/exakat-2.6.7/tinkergraph
2024-08-03 19:54:47.780+0000 INFO [o.n.k.i.DiagnosticsManager]  [classpath] /media/armazenamento/www/exakat/exacat-phar/exakat-2.6.7/tinkergraph/ext/neo4j-gremlin/plugin/neo4j-udc-3.4.11.jar
2024-08-03 19:54:47.780+0000 INFO [o.n.k.i.DiagnosticsManager]  [classpath] /media/armazenamento/www/exakat/exacat-phar/exakat-2.6.7/tinkergraph/ext/neo4j-gremlin/plugin/neo4j-kernel-api-3.4.11.jar
2024-08-03 19:54:47.780+0000 INFO [o.n.k.i.DiagnosticsManager]  [classpath] /media/armazenamento/www/exakat/exacat-phar/exakat-2.6.7/tinkergraph/lib/netty-handler-4.1.96.Final.jar
2024-08-03 19:54:47.780+0000 INFO [o.n.k.i.DiagnosticsManager]  [classpath] /media/armazenamento/www/exakat/exacat-phar/exakat-2.6.7/tinkergraph/lib/netty-transport-native-kqueue-4.1.96.Final-osx-x86_64.jar
2024-08-03 19:54:47.780+0000 INFO [o.n.k.i.DiagnosticsManager]  [classpath] /media/armazenamento/www/exakat/exacat-phar/exakat-2.6.7/tinkergraph/ext/neo4j-gremlin/plugin/neo4j-cypher-ir-3.3-3.3.9.jar
2024-08-03 19:54:47.780+0000 INFO [o.n.k.i.DiagnosticsManager]  [classpath] /media/armazenamento/www/exakat/exacat-phar/exakat-2.6.7/tinkergraph/ext/neo4j-gremlin/plugin/neo4j-tinkerpop-api-impl-0.9-3.4.0.jar
2024-08-03 19:54:47.780+0000 INFO [o.n.k.i.DiagnosticsManager]  [classpath] /media/armazenamento/www/exakat/exacat-phar/exakat-2.6.7/tinkergraph/ext/neo4j-gremlin/plugin/neo4j-cypher-interpreted-runtime-3.4.11.jar
2024-08-03 19:54:47.780+0000 INFO [o.n.k.i.DiagnosticsManager]  [classpath] /media/armazenamento/www/exakat/exacat-phar/exakat-2.6.7/tinkergraph/ext/neo4j-gremlin/plugin/neo4j-resource-3.4.11.jar
2024-08-03 19:54:47.781+0000 INFO [o.n.k.i.DiagnosticsManager]  [classpath] /media/armazenamento/www/exakat/exacat-phar/exakat-2.6.7/tinkergraph/lib/antlr4-runtime-4.9.1.jar
2024-08-03 19:54:47.781+0000 INFO [o.n.k.i.DiagnosticsManager]  [classpath] /media/armazenamento/www/exakat/exacat-phar/exakat-2.6.7/tinkergraph/lib/commons-logging-1.2.jar
2024-08-03 19:54:47.781+0000 INFO [o.n.k.i.DiagnosticsManager]  [classpath] /media/armazenamento/www/exakat/exacat-phar/exakat-2.6.7/tinkergraph/ext/neo4j-gremlin/plugin/metrics-graphite-4.0.2.jar
2024-08-03 19:54:47.781+0000 INFO [o.n.k.i.DiagnosticsManager]  [classpath] /media/armazenamento/www/exakat/exacat-phar/exakat-2.6.7/tinkergraph/lib/groovy-templates-4.0.9.jar
2024-08-03 19:54:47.781+0000 INFO [o.n.k.i.DiagnosticsManager]  [classpath] /media/armazenamento/www/exakat/exacat-phar/exakat-2.6.7/tinkergraph/ext/neo4j-gremlin/plugin/hazelcast-all-3.7.8.jar
2024-08-03 19:54:47.781+0000 INFO [o.n.k.i.DiagnosticsManager]  [classpath] /media/armazenamento/www/exakat/exacat-phar/exakat-2.6.7/tinkergraph/ext/neo4j-gremlin/plugin/neo4j-auth-plugin-api-3.4.11.jar
2024-08-03 19:54:47.781+0000 INFO [o.n.k.i.DiagnosticsManager]  [classpath] /media/armazenamento/www/exakat/exacat-phar/exakat-2.6.7/tinkergraph/ext/neo4j-gremlin/plugin/neo4j-3.4.11.jar
2024-08-03 19:54:47.781+0000 INFO [o.n.k.i.DiagnosticsManager]  [classpath] /media/armazenamento/www/exakat/exacat-phar/exakat-2.6.7/tinkergraph/lib/org.abego.treelayout.core-1.0.3.jar
2024-08-03 19:54:47.781+0000 INFO [o.n.k.i.DiagnosticsManager]  [classpath] /media/armazenamento/www/exakat/exacat-phar/exakat-2.6.7/tinkergraph/lib/jline-2.14.6.jar
2024-08-03 19:54:47.781+0000 INFO [o.n.k.i.DiagnosticsManager]  [classpath] /media/armazenamento/www/exakat/exacat-phar/exakat-2.6.7/tinkergraph/lib/logback-classic-1.2.11.jar
2024-08-03 19:54:47.781+0000 INFO [o.n.k.i.DiagnosticsManager]  [classpath] /media/armazenamento/www/exakat/exacat-phar/exakat-2.6.7/tinkergraph/lib/netty-codec-mqtt-4.1.96.Final.jar
2024-08-03 19:54:47.781+0000 INFO [o.n.k.i.DiagnosticsManager]  [classpath] /media/armazenamento/www/exakat/exacat-phar/exakat-2.6.7/tinkergraph/lib/jcl-over-slf4j-1.7.33.jar
2024-08-03 19:54:47.781+0000 INFO [o.n.k.i.DiagnosticsManager]  [classpath] /media/armazenamento/www/exakat/exacat-phar/exakat-2.6.7/tinkergraph/ext/neo4j-gremlin/plugin/neo4j-primitive-collections-3.4.11.jar
2024-08-03 19:54:47.781+0000 INFO [o.n.k.i.DiagnosticsManager]  [classpath] /media/armazenamento/www/exakat/exacat-phar/exakat-2.6.7/tinkergraph/ext/neo4j-gremlin/plugin/asm-analysis-6.2.jar
2024-08-03 19:54:47.781+0000 INFO [o.n.k.i.DiagnosticsManager]  [classpath] /media/armazenamento/www/exakat/exacat-phar/exakat-2.6.7/tinkergraph/ext/neo4j-gremlin/plugin/neo4j-graphdb-api-3.4.11.jar
2024-08-03 19:54:47.781+0000 INFO [o.n.k.i.DiagnosticsManager]  [classpath] /media/armazenamento/www/exakat/exacat-phar/exakat-2.6.7/tinkergraph/ext/neo4j-gremlin/plugin/neo4j-cypher-compiler-3.3-3.3.9.jar
2024-08-03 19:54:47.781+0000 INFO [o.n.k.i.DiagnosticsManager]  [classpath] /media/armazenamento/www/exakat/exacat-phar/exakat-2.6.7/tinkergraph/lib/netty-resolver-4.1.96.Final.jar
2024-08-03 19:54:47.781+0000 INFO [o.n.k.i.DiagnosticsManager]  [classpath] /media/armazenamento/www/exakat/exacat-phar/exakat-2.6.7/tinkergraph/lib/groovy-4.0.9.jar
2024-08-03 19:54:47.781+0000 INFO [o.n.k.i.DiagnosticsManager]  [classpath] /media/armazenamento/www/exakat/exacat-phar/exakat-2.6.7/tinkergraph/lib/netty-transport-rxtx-4.1.96.Final.jar
2024-08-03 19:54:47.781+0000 INFO [o.n.k.i.DiagnosticsManager]  [classpath] /media/armazenamento/www/exakat/exacat-phar/exakat-2.6.7/tinkergraph/ext/neo4j-gremlin/plugin/shiro-core-1.4.0.jar
2024-08-03 19:54:47.781+0000 INFO [o.n.k.i.DiagnosticsManager]  [classpath] /media/armazenamento/www/exakat/exacat-phar/exakat-2.6.7/tinkergraph/lib/netty-codec-http2-4.1.96.Final.jar
2024-08-03 19:54:47.781+0000 INFO [o.n.k.i.DiagnosticsManager]  [classpath] /media/armazenamento/www/exakat/exacat-phar/exakat-2.6.7/tinkergraph/lib/commons-collections-3.2.2.jar
2024-08-03 19:54:47.781+0000 INFO [o.n.k.i.DiagnosticsManager]  [classpath] /media/armazenamento/www/exakat/exacat-phar/exakat-2.6.7/tinkergraph/lib/javapoet-1.13.0.jar
2024-08-03 19:54:47.781+0000 INFO [o.n.k.i.DiagnosticsManager]  [classpath] /media/armazenamento/www/exakat/exacat-phar/exakat-2.6.7/tinkergraph/lib/netty-transport-udt-4.1.96.Final.jar
2024-08-03 19:54:47.781+0000 INFO [o.n.k.i.DiagnosticsManager]  [classpath] /media/armazenamento/www/exakat/exacat-phar/exakat-2.6.7/tinkergraph/lib/jbcrypt-0.4.jar
2024-08-03 19:54:47.781+0000 INFO [o.n.k.i.DiagnosticsManager]  [classpath] /media/armazenamento/www/exakat/exacat-phar/exakat-2.6.7/tinkergraph/lib/commons-configuration2-2.9.0.jar
2024-08-03 19:54:47.781+0000 INFO [o.n.k.i.DiagnosticsManager]  [classpath] /media/armazenamento/www/exakat/exacat-phar/exakat-2.6.7/tinkergraph/lib/groovy-swing-4.0.9.jar
2024-08-03 19:54:47.781+0000 INFO [o.n.k.i.DiagnosticsManager]  [classpath] /media/armazenamento/www/exakat/exacat-phar/exakat-2.6.7/tinkergraph/ext/neo4j-gremlin/plugin/neo4j-csv-3.4.11.jar
2024-08-03 19:54:47.781+0000 INFO [o.n.k.i.DiagnosticsManager]  [classpath] /media/armazenamento/www/exakat/exacat-phar/exakat-2.6.7/tinkergraph/lib/netty-handler-proxy-4.1.96.Final.jar
2024-08-03 19:54:47.781+0000 INFO [o.n.k.i.DiagnosticsManager]  [classpath] /media/armazenamento/www/exakat/exacat-phar/exakat-2.6.7/tinkergraph/ext/neo4j-gremlin/plugin/neo4j-cypher-compiler-2.3-2.3.12.jar
2024-08-03 19:54:47.781+0000 INFO [o.n.k.i.DiagnosticsManager]  [classpath] /media/armazenamento/www/exakat/exacat-phar/exakat-2.6.7/tinkergraph/lib/netty-transport-native-kqueue-4.1.96.Final-osx-aarch_64.jar
2024-08-03 19:54:47.781+0000 INFO [o.n.k.i.DiagnosticsManager]  [classpath] /media/armazenamento/www/exakat/exacat-phar/exakat-2.6.7/tinkergraph/ext/neo4j-gremlin/plugin/neo4j-cypher-frontend-3.1-3.1.9.jar
2024-08-03 19:54:47.781+0000 INFO [o.n.k.i.DiagnosticsManager]  [classpath] /media/armazenamento/www/exakat/exacat-phar/exakat-2.6.7/tinkergraph/ext/neo4j-gremlin/plugin/neo4j-cypher-logical-plans-3.4-3.4.11.jar
2024-08-03 19:54:47.781+0000 INFO [o.n.k.i.DiagnosticsManager]  [classpath] /media/armazenamento/www/exakat/exacat-phar/exakat-2.6.7/tinkergraph/ext/neo4j-gremlin/plugin/neo4j-index-3.4.11.jar
2024-08-03 19:54:47.781+0000 INFO [o.n.k.i.DiagnosticsManager]  [classpath] /media/armazenamento/www/exakat/exacat-phar/exakat-2.6.7/tinkergraph/lib/netty-all-4.1.96.Final.jar
2024-08-03 19:54:47.781+0000 INFO [o.n.k.i.DiagnosticsManager]  [classpath] /media/armazenamento/www/exakat/exacat-phar/exakat-2.6.7/tinkergraph/lib/snakeyaml-2.0.jar
2024-08-03 19:54:47.781+0000 INFO [o.n.k.i.DiagnosticsManager]  [classpath] /media/armazenamento/www/exakat/exacat-phar/exakat-2.6.7/tinkergraph/ext/neo4j-gremlin/plugin/lucene-backward-codecs-5.5.0.jar
2024-08-03 19:54:47.781+0000 INFO [o.n.k.i.DiagnosticsManager]  [classpath] /media/armazenamento/www/exakat/exacat-phar/exakat-2.6.7/tinkergraph/lib/netty-resolver-dns-native-macos-4.1.96.Final-osx-x86_64.jar
2024-08-03 19:54:47.782+0000 INFO [o.n.k.i.DiagnosticsManager]  [classpath] /media/armazenamento/www/exakat/exacat-phar/exakat-2.6.7/tinkergraph/lib/netty-transport-native-unix-common-4.1.96.Final.jar
2024-08-03 19:54:47.782+0000 INFO [o.n.k.i.DiagnosticsManager]  [classpath] /media/armazenamento/www/exakat/exacat-phar/exakat-2.6.7/tinkergraph/ext/neo4j-gremlin/plugin/shiro-lang-1.4.0.jar
2024-08-03 19:54:47.782+0000 INFO [o.n.k.i.DiagnosticsManager]  [classpath] /media/armazenamento/www/exakat/exacat-phar/exakat-2.6.7/tinkergraph/lib/netty-codec-socks-4.1.96.Final.jar
2024-08-03 19:54:47.782+0000 INFO [o.n.k.i.DiagnosticsManager]  [classpath] /media/armazenamento/www/exakat/exacat-phar/exakat-2.6.7/tinkergraph/ext/neo4j-gremlin/plugin/lucene-codecs-5.5.5.jar
2024-08-03 19:54:47.782+0000 INFO [o.n.k.i.DiagnosticsManager]  [classpath] /media/armazenamento/www/exakat/exacat-phar/exakat-2.6.7/tinkergraph/lib/javatuples-1.2.jar
2024-08-03 19:54:47.782+0000 INFO [o.n.k.i.DiagnosticsManager]  [classpath] /media/armazenamento/www/exakat/exacat-phar/exakat-2.6.7/tinkergraph/ext/neo4j-gremlin/plugin/neo4j-cypher-expression-3.4-3.4.11.jar
2024-08-03 19:54:47.782+0000 INFO [o.n.k.i.DiagnosticsManager]  [classpath] /media/armazenamento/www/exakat/exacat-phar/exakat-2.6.7/tinkergraph/ext/neo4j-gremlin/plugin/neo4j-configuration-3.4.11.jar
2024-08-03 19:54:47.782+0000 INFO [o.n.k.i.DiagnosticsManager]  [classpath] /media/armazenamento/www/exakat/exacat-phar/exakat-2.6.7/tinkergraph/lib/netty-common-4.1.96.Final.jar
2024-08-03 19:54:47.782+0000 INFO [o.n.k.i.DiagnosticsManager]  [classpath] /media/armazenamento/www/exakat/exacat-phar/exakat-2.6.7/tinkergraph/ext/neo4j-gremlin/plugin/shiro-config-core-1.4.0.jar
2024-08-03 19:54:47.782+0000 INFO [o.n.k.i.DiagnosticsManager]  [classpath] /media/armazenamento/www/exakat/exacat-phar/exakat-2.6.7/tinkergraph/lib/javaparser-core-3.25.0.jar
2024-08-03 19:54:47.782+0000 INFO [o.n.k.i.DiagnosticsManager]  [classpath] /media/armazenamento/www/exakat/exacat-phar/exakat-2.6.7/tinkergraph/lib/slf4j-api-1.7.33.jar
2024-08-03 19:54:47.782+0000 INFO [o.n.k.i.DiagnosticsManager]  [classpath] /media/armazenamento/www/exakat/exacat-phar/exakat-2.6.7/tinkergraph/ext/neo4j-gremlin/plugin/neo4j-codegen-3.4.11.jar
2024-08-03 19:54:47.782+0000 INFO [o.n.k.i.DiagnosticsManager]  [classpath] /media/armazenamento/www/exakat/exacat-phar/exakat-2.6.7/tinkergraph/ext/neo4j-gremlin/plugin/neo4j-metrics-3.4.11.jar
2024-08-03 19:54:47.782+0000 INFO [o.n.k.i.DiagnosticsManager]  [classpath] /media/armazenamento/www/exakat/exacat-phar/exakat-2.6.7/tinkergraph/lib/netty-codec-4.1.96.Final.jar
2024-08-03 19:54:47.782+0000 INFO [o.n.k.i.DiagnosticsManager]  [classpath] /media/armazenamento/www/exakat/exacat-phar/exakat-2.6.7/tinkergraph/ext/neo4j-gremlin/plugin/neo4j-collections-3.4.11.jar
2024-08-03 19:54:47.782+0000 INFO [o.n.k.i.DiagnosticsManager]  [classpath] /media/armazenamento/www/exakat/exacat-phar/exakat-2.6.7/tinkergraph/ext/neo4j-gremlin/plugin/neo4j-cypher-logical-plans-3.3-3.3.9.jar
2024-08-03 19:54:47.782+0000 INFO [o.n.k.i.DiagnosticsManager]  [classpath] /media/armazenamento/www/exakat/exacat-phar/exakat-2.6.7/tinkergraph/ext/neo4j-gremlin/plugin/neo4j-ha-3.4.11.jar
2024-08-03 19:54:47.782+0000 INFO [o.n.k.i.DiagnosticsManager]  [classpath] /media/armazenamento/www/exakat/exacat-phar/exakat-2.6.7/tinkergraph/lib/ivy-2.5.1.jar
2024-08-03 19:54:47.782+0000 INFO [o.n.k.i.DiagnosticsManager]  [classpath] /media/armazenamento/www/exakat/exacat-phar/exakat-2.6.7/tinkergraph/ext/neo4j-gremlin/plugin/neo4j-io-3.4.11.jar
2024-08-03 19:54:47.782+0000 INFO [o.n.k.i.DiagnosticsManager]  [classpath] /media/armazenamento/www/exakat/exacat-phar/exakat-2.6.7/tinkergraph/ext/neo4j-gremlin/plugin/shiro-crypto-cipher-1.4.0.jar
2024-08-03 19:54:47.782+0000 INFO [o.n.k.i.DiagnosticsManager]  [classpath] /media/armazenamento/www/exakat/exacat-phar/exakat-2.6.7/tinkergraph/lib/netty-handler-ssl-ocsp-4.1.96.Final.jar
2024-08-03 19:54:47.782+0000 INFO [o.n.k.i.DiagnosticsManager]  [classpath] /media/armazenamento/www/exakat/exacat-phar/exakat-2.6.7/tinkergraph/ext/neo4j-gremlin/plugin/lz4-1.3.0.jar
2024-08-03 19:54:47.782+0000 INFO [o.n.k.i.DiagnosticsManager]  [classpath] /media/armazenamento/www/exakat/exacat-phar/exakat-2.6.7/tinkergraph/ext/neo4j-gremlin/plugin/netty-all-4.1.24.Final.jar
2024-08-03 19:54:47.782+0000 INFO [o.n.k.i.DiagnosticsManager]  [classpath] /media/armazenamento/www/exakat/exacat-phar/exakat-2.6.7/tinkergraph/lib/netty-codec-redis-4.1.96.Final.jar
2024-08-03 19:54:47.782+0000 INFO [o.n.k.i.DiagnosticsManager]  [classpath] /media/armazenamento/www/exakat/exacat-phar/exakat-2.6.7/tinkergraph/conf
2024-08-03 19:54:47.782+0000 INFO [o.n.k.i.DiagnosticsManager]  [classpath] /media/armazenamento/www/exakat/exacat-phar/exakat-2.6.7/tinkergraph/ext/neo4j-gremlin/plugin/asm-util-6.2.jar
2024-08-03 19:54:47.782+0000 INFO [o.n.k.i.DiagnosticsManager]  [classpath] /media/armazenamento/www/exakat/exacat-phar/exakat-2.6.7/tinkergraph/lib/groovy-json-4.0.9.jar
2024-08-03 19:54:47.782+0000 INFO [o.n.k.i.DiagnosticsManager]  [classpath] /media/armazenamento/www/exakat/exacat-phar/exakat-2.6.7/tinkergraph/ext/neo4j-gremlin/plugin/neo4j-common-3.4.11.jar
2024-08-03 19:54:47.782+0000 INFO [o.n.k.i.DiagnosticsManager]  [classpath] /media/armazenamento/www/exakat/exacat-phar/exakat-2.6.7/tinkergraph/lib/gremlin-core-3.7.1.jar
2024-08-03 19:54:47.782+0000 INFO [o.n.k.i.DiagnosticsManager]  [classpath] /media/armazenamento/www/exakat/exacat-phar/exakat-2.6.7/tinkergraph/lib/netty-transport-native-epoll-4.1.96.Final-linux-aarch_64.jar
2024-08-03 19:54:47.782+0000 INFO [o.n.k.i.DiagnosticsManager]  [classpath] /media/armazenamento/www/exakat/exacat-phar/exakat-2.6.7/tinkergraph/ext/neo4j-gremlin/plugin/neo4j-cypher-compiler-3.1-3.1.9.jar
2024-08-03 19:54:47.782+0000 INFO [o.n.k.i.DiagnosticsManager]  [classpath] /media/armazenamento/www/exakat/exacat-phar/exakat-2.6.7/tinkergraph/lib/netty-resolver-dns-classes-macos-4.1.96.Final.jar
2024-08-03 19:54:47.782+0000 INFO [o.n.k.i.DiagnosticsManager]  [classpath] /media/armazenamento/www/exakat/exacat-phar/exakat-2.6.7/tinkergraph/ext/neo4j-gremlin/plugin/WMI4Java-1.6.1.jar
2024-08-03 19:54:47.782+0000 INFO [o.n.k.i.DiagnosticsManager]  [classpath] /media/armazenamento/www/exakat/exacat-phar/exakat-2.6.7/tinkergraph/ext/neo4j-gremlin/plugin/lucene-queryparser-5.5.5.jar
2024-08-03 19:54:47.782+0000 INFO [o.n.k.i.DiagnosticsManager]  [classpath] /media/armazenamento/www/exakat/exacat-phar/exakat-2.6.7/tinkergraph/ext/neo4j-gremlin/plugin/scala-reflect-2.11.12.jar
2024-08-03 19:54:47.782+0000 INFO [o.n.k.i.DiagnosticsManager]  [classpath] /media/armazenamento/www/exakat/exacat-phar/exakat-2.6.7/tinkergraph/ext/neo4j-gremlin/plugin/parboiled-core-1.1.7.jar
2024-08-03 19:54:47.782+0000 INFO [o.n.k.i.DiagnosticsManager]  [classpath] /media/armazenamento/www/exakat/exacat-phar/exakat-2.6.7/tinkergraph/lib/netty-codec-haproxy-4.1.96.Final.jar
2024-08-03 19:54:47.782+0000 INFO [o.n.k.i.DiagnosticsManager]  [classpath] /media/armazenamento/www/exakat/exacat-phar/exakat-2.6.7/tinkergraph/ext/neo4j-gremlin/plugin/neo4j-graph-algo-3.4.11.jar
2024-08-03 19:54:47.782+0000 INFO [o.n.k.i.DiagnosticsManager]  [classpath] /media/armazenamento/www/exakat/exacat-phar/exakat-2.6.7/tinkergraph/lib/groovy-console-4.0.9.jar
2024-08-03 19:54:47.782+0000 INFO [o.n.k.i.DiagnosticsManager]  [classpath] /media/armazenamento/www/exakat/exacat-phar/exakat-2.6.7/tinkergraph/ext/neo4j-gremlin/plugin/neo4j-cypher-util-3.4-3.4.11.jar
2024-08-03 19:54:47.782+0000 INFO [o.n.k.i.DiagnosticsManager]  [classpath] /media/armazenamento/www/exakat/exacat-phar/exakat-2.6.7/tinkergraph/ext/neo4j-gremlin/plugin/jPowerShell-1.9.jar
2024-08-03 19:54:47.782+0000 INFO [o.n.k.i.DiagnosticsManager]  [classpath] /media/armazenamento/www/exakat/exacat-phar/exakat-2.6.7/tinkergraph/lib/gremlin-language-3.7.1.jar
2024-08-03 19:54:47.782+0000 INFO [o.n.k.i.DiagnosticsManager]  [classpath] /media/armazenamento/www/exakat/exacat-phar/exakat-2.6.7/tinkergraph/ext/neo4j-gremlin/plugin/shiro-cache-1.4.0.jar
2024-08-03 19:54:47.782+0000 INFO [o.n.k.i.DiagnosticsManager]  [classpath] /media/armazenamento/www/exakat/exacat-phar/exakat-2.6.7/tinkergraph/lib/commons-beanutils-1.9.4.jar
2024-08-03 19:54:47.782+0000 INFO [o.n.k.i.DiagnosticsManager]  [classpath] /media/armazenamento/www/exakat/exacat-phar/exakat-2.6.7/tinkergraph/ext/neo4j-gremlin/plugin/simpleclient_dropwizard-0.1.0.jar
2024-08-03 19:54:47.782+0000 INFO [o.n.k.i.DiagnosticsManager]  [classpath] /media/armazenamento/www/exakat/exacat-phar/exakat-2.6.7/tinkergraph/lib/logback-core-1.2.11.jar
2024-08-03 19:54:47.782+0000 INFO [o.n.k.i.DiagnosticsManager]  [classpath] /media/armazenamento/www/exakat/exacat-phar/exakat-2.6.7/tinkergraph/ext/neo4j-gremlin/plugin/opencsv-2.3.jar
2024-08-03 19:54:47.782+0000 INFO [o.n.k.i.DiagnosticsManager]  [classpath] /media/armazenamento/www/exakat/exacat-phar/exakat-2.6.7/tinkergraph/ext/neo4j-gremlin/plugin/concurrentlinkedhashmap-lru-1.4.2.jar
2024-08-03 19:54:47.782+0000 INFO [o.n.k.i.DiagnosticsManager]  [classpath] /media/armazenamento/www/exakat/exacat-phar/exakat-2.6.7/tinkergraph/ext/neo4j-gremlin/plugin/neo4j-consistency-check-3.4.11.jar
2024-08-03 19:54:47.782+0000 INFO [o.n.k.i.DiagnosticsManager]  [classpath] /media/armazenamento/www/exakat/exacat-phar/exakat-2.6.7/tinkergraph/ext/neo4j-gremlin/plugin/simpleclient_httpserver-0.1.0.jar
2024-08-03 19:54:47.782+0000 INFO [o.n.k.i.DiagnosticsManager]  [classpath] /media/armazenamento/www/exakat/exacat-phar/exakat-2.6.7/tinkergraph/ext/neo4j-gremlin/plugin/neo4j-enterprise-kernel-3.4.11.jar
2024-08-03 19:54:47.782+0000 INFO [o.n.k.i.DiagnosticsManager]  [classpath] /media/armazenamento/www/exakat/exacat-phar/exakat-2.6.7/tinkergraph/lib/exp4j-0.4.8.jar
2024-08-03 19:54:47.783+0000 INFO [o.n.k.i.DiagnosticsManager]  [classpath] /media/armazenamento/www/exakat/exacat-phar/exakat-2.6.7/tinkergraph/ext/neo4j-gremlin/plugin/neo4j-command-line-3.4.11.jar
2024-08-03 19:54:47.783+0000 INFO [o.n.k.i.DiagnosticsManager]  [classpath] /media/armazenamento/www/exakat/exacat-phar/exakat-2.6.7/tinkergraph/ext/neo4j-gremlin/plugin/neo4j-cypher-planner-spi-3.4-3.4.11.jar
2024-08-03 19:54:47.783+0000 INFO [o.n.k.i.DiagnosticsManager]  [classpath] /media/armazenamento/www/exakat/exacat-phar/exakat-2.6.7/tinkergraph/ext/neo4j-gremlin/plugin/neo4j-bolt-3.4.11.jar
2024-08-03 19:54:47.783+0000 INFO [o.n.k.i.DiagnosticsManager]  [classpath] /media/armazenamento/www/exakat/exacat-phar/exakat-2.6.7/tinkergraph/ext/neo4j-gremlin/plugin/neo4j-management-3.4.11.jar
2024-08-03 19:54:47.783+0000 INFO [o.n.k.i.DiagnosticsManager]  [classpath] /media/armazenamento/www/exakat/exacat-phar/exakat-2.6.7/tinkergraph/ext/neo4j-gremlin/plugin/neo4j-dbms-3.4.11.jar
2024-08-03 19:54:47.783+0000 INFO [o.n.k.i.DiagnosticsManager]  [classpath] /media/armazenamento/www/exakat/exacat-phar/exakat-2.6.7/tinkergraph/ext/neo4j-gremlin/plugin/neo4j-ssl-3.4.11.jar
2024-08-03 19:54:47.783+0000 INFO [o.n.k.i.DiagnosticsManager]  [classpath] /media/armazenamento/www/exakat/exacat-phar/exakat-2.6.7/tinkergraph/ext/neo4j-gremlin/plugin/neo4j-import-tool-3.4.11.jar
2024-08-03 19:54:47.783+0000 INFO [o.n.k.i.DiagnosticsManager]  [classpath] /media/armazenamento/www/exakat/exacat-phar/exakat-2.6.7/tinkergraph/lib/commons-lang3-3.12.0.jar
2024-08-03 19:54:47.783+0000 INFO [o.n.k.i.DiagnosticsManager]  [classpath] /media/armazenamento/www/exakat/exacat-phar/exakat-2.6.7/tinkergraph/ext/neo4j-gremlin/plugin/neo4j-unsafe-3.4.11.jar
2024-08-03 19:54:47.783+0000 INFO [o.n.k.i.DiagnosticsManager]  [classpath] /media/armazenamento/www/exakat/exacat-phar/exakat-2.6.7/tinkergraph/lib/netty-transport-classes-kqueue-4.1.96.Final.jar
2024-08-03 19:54:47.783+0000 INFO [o.n.k.i.DiagnosticsManager]  [classpath] /media/armazenamento/www/exakat/exacat-phar/exakat-2.6.7/tinkergraph/ext/neo4j-gremlin/plugin/neo4j-spatial-index-3.4.11.jar
2024-08-03 19:54:47.783+0000 INFO [o.n.k.i.DiagnosticsManager]  [classpath] /media/armazenamento/www/exakat/exacat-phar/exakat-2.6.7/tinkergraph/ext/neo4j-gremlin/plugin/lucene-analyzers-common-5.5.5.jar
2024-08-03 19:54:47.783+0000 INFO [o.n.k.i.DiagnosticsManager]  [classpath] /media/armazenamento/www/exakat/exacat-phar/exakat-2.6.7/tinkergraph/ext/neo4j-gremlin/plugin/neo4j-kernel-3.4.11.jar
2024-08-03 19:54:47.783+0000 INFO [o.n.k.i.DiagnosticsManager]  [classpath] /media/armazenamento/www/exakat/exacat-phar/exakat-2.6.7/tinkergraph/ext/neo4j-gremlin/plugin/scala-library-2.11.12.jar
2024-08-03 19:54:47.783+0000 INFO [o.n.k.i.DiagnosticsManager]  [classpath] /media/armazenamento/www/exakat/exacat-phar/exakat-2.6.7/tinkergraph/lib/groovy-xml-4.0.9.jar
2024-08-03 19:54:47.783+0000 INFO [o.n.k.i.DiagnosticsManager]  [classpath] /media/armazenamento/www/exakat/exacat-phar/exakat-2.6.7/tinkergraph/lib/gremlin-shaded-3.7.1.jar
2024-08-03 19:54:47.783+0000 INFO [o.n.k.i.DiagnosticsManager]  [classpath] /media/armazenamento/www/exakat/exacat-phar/exakat-2.6.7/tinkergraph/lib/netty-resolver-dns-4.1.96.Final.jar
2024-08-03 19:54:47.783+0000 INFO [o.n.k.i.DiagnosticsManager]  [classpath] /media/armazenamento/www/exakat/exacat-phar/exakat-2.6.7/tinkergraph/lib/groovy-groovysh-4.0.9.jar
2024-08-03 19:54:47.783+0000 INFO [o.n.k.i.DiagnosticsManager]  [classpath] /media/armazenamento/www/exakat/exacat-phar/exakat-2.6.7/tinkergraph/ext/neo4j-gremlin/plugin/neo4j-security-enterprise-3.4.11.jar
2024-08-03 19:54:47.783+0000 INFO [o.n.k.i.DiagnosticsManager]  [classpath] /media/armazenamento/www/exakat/exacat-phar/exakat-2.6.7/tinkergraph/ext/neo4j-gremlin/plugin/bcpkix-jdk15on-1.60.jar
2024-08-03 19:54:47.783+0000 INFO [o.n.k.i.DiagnosticsManager]  [classpath] /media/armazenamento/www/exakat/exacat-phar/exakat-2.6.7/tinkergraph/ext/neo4j-gremlin/plugin/neo4j-cypher-runtime-util-3.4.11.jar
2024-08-03 19:54:47.783+0000 INFO [o.n.k.i.DiagnosticsManager]  [classpath] /media/armazenamento/www/exakat/exacat-phar/exakat-2.6.7/tinkergraph/lib/caffeine-2.3.1.jar
2024-08-03 19:54:47.783+0000 INFO [o.n.k.i.DiagnosticsManager]  [classpath] /media/armazenamento/www/exakat/exacat-phar/exakat-2.6.7/tinkergraph/lib/netty-resolver-dns-native-macos-4.1.96.Final-osx-aarch_64.jar
2024-08-03 19:54:47.783+0000 INFO [o.n.k.i.DiagnosticsManager]  [classpath] /media/armazenamento/www/exakat/exacat-phar/exakat-2.6.7/tinkergraph/ext/neo4j-gremlin/plugin/neo4j-cypher-3.4.11.jar
2024-08-03 19:54:47.783+0000 INFO [o.n.k.i.DiagnosticsManager]  [classpath] /media/armazenamento/www/exakat/exacat-phar/exakat-2.6.7/tinkergraph/ext/neo4j-gremlin/plugin/neo4j-backup-3.4.11.jar
2024-08-03 19:54:47.783+0000 INFO [o.n.k.i.DiagnosticsManager]  [classpath] /media/armazenamento/www/exakat/exacat-phar/exakat-2.6.7/tinkergraph/ext/neo4j-gremlin/plugin/jackson-mapper-asl-1.9.13.jar
2024-08-03 19:54:47.783+0000 INFO [o.n.k.i.DiagnosticsManager]  [classpath] /media/armazenamento/www/exakat/exacat-phar/exakat-2.6.7/tinkergraph/lib/netty-transport-sctp-4.1.96.Final.jar
2024-08-03 19:54:47.783+0000 INFO [o.n.k.i.DiagnosticsManager]  [classpath] /media/armazenamento/www/exakat/exacat-phar/exakat-2.6.7/tinkergraph/ext/neo4j-gremlin/plugin/neo4j-cypher-ir-3.4-3.4.11.jar
2024-08-03 19:54:47.783+0000 INFO [o.n.k.i.DiagnosticsManager]  [classpath] /media/armazenamento/www/exakat/exacat-phar/exakat-2.6.7/tinkergraph/ext/neo4j-gremlin/plugin/simpleclient-0.1.0.jar
2024-08-03 19:54:47.783+0000 INFO [o.n.k.i.DiagnosticsManager]  [classpath] /media/armazenamento/www/exakat/exacat-phar/exakat-2.6.7/tinkergraph/ext/neo4j-gremlin/plugin/neo4j-cluster-3.4.11.jar
2024-08-03 19:54:47.783+0000 INFO [o.n.k.i.DiagnosticsManager]  [classpath] /media/armazenamento/www/exakat/exacat-phar/exakat-2.6.7/tinkergraph/lib/netty-buffer-4.1.96.Final.jar
2024-08-03 19:54:47.783+0000 INFO [o.n.k.i.DiagnosticsManager]  [classpath] /media/armazenamento/www/exakat/exacat-phar/exakat-2.6.7/tinkergraph/ext/neo4j-gremlin/plugin/jProcesses-1.6.4.jar
2024-08-03 19:54:47.783+0000 INFO [o.n.k.i.DiagnosticsManager]  [classpath] /media/armazenamento/www/exakat/exacat-phar/exakat-2.6.7/tinkergraph/lib/netty-codec-smtp-4.1.96.Final.jar
2024-08-03 19:54:47.783+0000 INFO [o.n.k.i.DiagnosticsManager]  [classpath] /media/armazenamento/www/exakat/exacat-phar/exakat-2.6.7/tinkergraph/ext/neo4j-gremlin/plugin/bcprov-jdk15on-1.60.jar
2024-08-03 19:54:47.783+0000 INFO [o.n.k.i.DiagnosticsManager]  [classpath] /media/armazenamento/www/exakat/exacat-phar/exakat-2.6.7/tinkergraph/ext/neo4j-gremlin/plugin/neo4j-com-3.4.11.jar
2024-08-03 19:54:47.783+0000 INFO [o.n.k.i.DiagnosticsManager]  [classpath] /media/armazenamento/www/exakat/exacat-phar/exakat-2.6.7/tinkergraph/ext/neo4j-gremlin/plugin/commons-compress-1.16.1.jar
2024-08-03 19:54:47.783+0000 INFO [o.n.k.i.DiagnosticsManager]  [classpath] /media/armazenamento/www/exakat/exacat-phar/exakat-2.6.7/tinkergraph/ext/neo4j-gremlin/plugin/neo4j-security-3.4.11.jar
2024-08-03 19:54:47.783+0000 INFO [o.n.k.i.DiagnosticsManager]  [classpath] /media/armazenamento/www/exakat/exacat-phar/exakat-2.6.7/tinkergraph/ext/neo4j-gremlin/plugin/neo4j-lucene-upgrade-3.4.11.jar
2024-08-03 19:54:47.783+0000 INFO [o.n.k.i.DiagnosticsManager]  [classpath] /media/armazenamento/www/exakat/exacat-phar/exakat-2.6.7/tinkergraph/ext/neo4j-gremlin/plugin/neo4j-gremlin-3.7.1.jar
2024-08-03 19:54:47.783+0000 INFO [o.n.k.i.DiagnosticsManager]  [classpath] /media/armazenamento/www/exakat/exacat-phar/exakat-2.6.7/tinkergraph/ext/neo4j-gremlin/plugin/shiro-crypto-hash-1.4.0.jar
2024-08-03 19:54:47.783+0000 INFO [o.n.k.i.DiagnosticsManager]  [classpath] /media/armazenamento/www/exakat/exacat-phar/exakat-2.6.7/tinkergraph/ext/neo4j-gremlin/plugin/neo4j-cypher-frontend-3.3-3.3.9.jar
2024-08-03 19:54:47.783+0000 INFO [o.n.k.i.DiagnosticsManager]  [classpath] /media/armazenamento/www/exakat/exacat-phar/exakat-2.6.7/tinkergraph/lib/commons-text-1.10.0.jar
2024-08-03 19:54:47.783+0000 INFO [o.n.k.i.DiagnosticsManager]  [classpath] /media/armazenamento/www/exakat/exacat-phar/exakat-2.6.7/tinkergraph/lib/metrics-core-3.0.2.jar
2024-08-03 19:54:47.783+0000 INFO [o.n.k.i.DiagnosticsManager]  [classpath] /media/armazenamento/www/exakat/exacat-phar/exakat-2.6.7/tinkergraph/lib/gremlin-server-3.7.1.jar
2024-08-03 19:54:47.783+0000 INFO [o.n.k.i.DiagnosticsManager]  [classpath] /media/armazenamento/www/exakat/exacat-phar/exakat-2.6.7/tinkergraph/ext/neo4j-gremlin/plugin/metrics-core-4.0.2.jar
2024-08-03 19:54:47.783+0000 INFO [o.n.k.i.DiagnosticsManager]  [classpath] /media/armazenamento/www/exakat/exacat-phar/exakat-2.6.7/tinkergraph/lib/netty-transport-classes-epoll-4.1.96.Final.jar
2024-08-03 19:54:47.783+0000 INFO [o.n.k.i.DiagnosticsManager]  [classpath] /media/armazenamento/www/exakat/exacat-phar/exakat-2.6.7/tinkergraph/ext/neo4j-gremlin/plugin/simpleclient_common-0.1.0.jar
2024-08-03 19:54:47.783+0000 INFO [o.n.k.i.DiagnosticsManager]  [classpath] /media/armazenamento/www/exakat/exacat-phar/exakat-2.6.7/tinkergraph/lib/netty-transport-4.1.96.Final.jar
2024-08-03 19:54:47.783+0000 INFO [o.n.k.i.DiagnosticsManager]  [classpath] /media/armazenamento/www/exakat/exacat-phar/exakat-2.6.7/tinkergraph/ext/neo4j-gremlin/plugin/netty-3.9.9.Final.jar
2024-08-03 19:54:47.783+0000 INFO [o.n.k.i.DiagnosticsManager]  [classpath] /media/armazenamento/www/exakat/exacat-phar/exakat-2.6.7/tinkergraph/ext/neo4j-gremlin/plugin/shiro-event-1.4.0.jar
2024-08-03 19:54:47.783+0000 INFO [o.n.k.i.DiagnosticsManager]  [classpath] /media/armazenamento/www/exakat/exacat-phar/exakat-2.6.7/tinkergraph/ext/neo4j-gremlin/plugin/neo4j-cypher-frontend-2.3-2.3.12.jar
2024-08-03 19:54:47.783+0000 INFO [o.n.k.i.DiagnosticsManager]  [classpath] /media/armazenamento/www/exakat/exacat-phar/exakat-2.6.7/tinkergraph/ext/neo4j-gremlin/plugin/neo4j-jmx-3.4.11.jar
2024-08-03 19:54:47.783+0000 INFO [o.n.k.i.DiagnosticsManager]  [classpath] /media/armazenamento/www/exakat/exacat-phar/exakat-2.6.7/tinkergraph/ext/neo4j-gremlin/plugin/openCypher-frontend-1-3.4.11.jar
2024-08-03 19:54:47.783+0000 INFO [o.n.k.i.DiagnosticsManager]  [classpath] /media/armazenamento/www/exakat/exacat-phar/exakat-2.6.7/tinkergraph/lib/hppc-0.7.1.jar
2024-08-03 19:54:47.783+0000 INFO [o.n.k.i.DiagnosticsManager]  [classpath] /media/armazenamento/www/exakat/exacat-phar/exakat-2.6.7/tinkergraph/lib/netty-codec-http-4.1.96.Final.jar
2024-08-03 19:54:47.783+0000 INFO [o.n.k.i.DiagnosticsManager]  [classpath] /media/armazenamento/www/exakat/exacat-phar/exakat-2.6.7/tinkergraph/ext/neo4j-gremlin/plugin/neo4j-values-3.4.11.jar
2024-08-03 19:54:47.783+0000 INFO [o.n.k.i.DiagnosticsManager]  [classpath] /media/armazenamento/www/exakat/exacat-phar/exakat-2.6.7/tinkergraph/ext/neo4j-gremlin/plugin/neo4j-enterprise-3.4.11.jar
2024-08-03 19:54:47.783+0000 INFO [o.n.k.i.DiagnosticsManager]  [classpath] /media/armazenamento/www/exakat/exacat-phar/exakat-2.6.7/tinkergraph/ext/neo4j-gremlin/plugin/neo4j-cypher-planner-3.4-3.4.11.jar
2024-08-03 19:54:47.783+0000 INFO [o.n.k.i.DiagnosticsManager]  [classpath] /media/armazenamento/www/exakat/exacat-phar/exakat-2.6.7/tinkergraph/ext/tinkergraph-gremlin/plugin/tinkergraph-gremlin-3.7.1.jar
2024-08-03 19:54:47.783+0000 INFO [o.n.k.i.DiagnosticsManager]  [classpath] /media/armazenamento/www/exakat/exacat-phar/exakat-2.6.7/tinkergraph/ext/neo4j-gremlin/plugin/parboiled-scala_2.11-1.1.7.jar
2024-08-03 19:54:47.783+0000 INFO [o.n.k.i.DiagnosticsManager]  [classpath] /media/armazenamento/www/exakat/exacat-phar/exakat-2.6.7/tinkergraph/ext/neo4j-gremlin/plugin/asm-6.2.jar
2024-08-03 19:54:47.783+0000 INFO [o.n.k.i.DiagnosticsManager] Library path:
2024-08-03 19:54:47.784+0000 INFO [o.n.k.i.DiagnosticsManager] /usr/java/packages/lib
2024-08-03 19:54:47.784+0000 INFO [o.n.k.i.DiagnosticsManager] /usr/lib/x86_64-linux-gnu/jni
2024-08-03 19:54:47.784+0000 INFO [o.n.k.i.DiagnosticsManager] /usr/lib/x86_64-linux-gnu
2024-08-03 19:54:47.784+0000 INFO [o.n.k.i.DiagnosticsManager] /usr/lib/x86_64-linux-gnu
2024-08-03 19:54:47.784+0000 INFO [o.n.k.i.DiagnosticsManager] /usr/lib/jni
2024-08-03 19:54:47.784+0000 INFO [o.n.k.i.DiagnosticsManager] /usr/lib
2024-08-03 19:54:47.784+0000 INFO [o.n.k.i.DiagnosticsManager] /usr/lib
2024-08-03 19:54:47.784+0000 INFO [o.n.k.i.DiagnosticsManager] System.properties:
2024-08-03 19:54:47.784+0000 INFO [o.n.k.i.DiagnosticsManager] sun.desktop = gnome
2024-08-03 19:54:47.784+0000 INFO [o.n.k.i.DiagnosticsManager] awt.toolkit = sun.awt.X11.XToolkit
2024-08-03 19:54:47.784+0000 INFO [o.n.k.i.DiagnosticsManager] sun.cpu.isalist = 
2024-08-03 19:54:47.784+0000 INFO [o.n.k.i.DiagnosticsManager] sun.jnu.encoding = UTF-8
2024-08-03 19:54:47.784+0000 INFO [o.n.k.i.DiagnosticsManager] sun.arch.data.model = 64
2024-08-03 19:54:47.784+0000 INFO [o.n.k.i.DiagnosticsManager] user.timezone = America/Sao_Paulo
2024-08-03 19:54:47.784+0000 INFO [o.n.k.i.DiagnosticsManager] sun.java.launcher = SUN_STANDARD
2024-08-03 19:54:47.784+0000 INFO [o.n.k.i.DiagnosticsManager] user.country = US
2024-08-03 19:54:47.784+0000 INFO [o.n.k.i.DiagnosticsManager] sun.boot.library.path = /usr/lib/jvm/java-11-openjdk-amd64/lib
2024-08-03 19:54:47.784+0000 INFO [o.n.k.i.DiagnosticsManager] sun.java.command = org.apache.tinkerpop.gremlin.server.GremlinServer conf/gsneo4jv3.3.7.yaml
2024-08-03 19:54:47.784+0000 INFO [o.n.k.i.DiagnosticsManager] jdk.debug = release
2024-08-03 19:54:47.784+0000 INFO [o.n.k.i.DiagnosticsManager] sun.cpu.endian = little
2024-08-03 19:54:47.784+0000 INFO [o.n.k.i.DiagnosticsManager] user.home = /media/armazenamento/home/felideo_p7
2024-08-03 19:54:47.784+0000 INFO [o.n.k.i.DiagnosticsManager] user.language = en
2024-08-03 19:54:47.784+0000 INFO [o.n.k.i.DiagnosticsManager] file.separator = /
2024-08-03 19:54:47.784+0000 INFO [o.n.k.i.DiagnosticsManager] logback.configurationFile = file:/media/armazenamento/www/exakat/exacat-phar/exakat-2.6.7/tinkergraph/conf/logback.xml
2024-08-03 19:54:47.784+0000 INFO [o.n.k.i.DiagnosticsManager] sun.management.compiler = HotSpot 64-Bit Tiered Compilers
2024-08-03 19:54:47.784+0000 INFO [o.n.k.i.DiagnosticsManager] user.name = felideo
2024-08-03 19:54:47.784+0000 INFO [o.n.k.i.DiagnosticsManager] path.separator = :
2024-08-03 19:54:47.784+0000 INFO [o.n.k.i.DiagnosticsManager] file.encoding = UTF-8
2024-08-03 19:54:47.784+0000 INFO [o.n.k.i.DiagnosticsManager] user.dir = /media/armazenamento/www/exakat/exacat-phar/exakat-2.6.7/tinkergraph
2024-08-03 19:54:47.784+0000 INFO [o.n.k.i.DiagnosticsManager] sun.os.patch.level = unknown
2024-08-03 19:54:47.784+0000 INFO [o.n.k.i.DiagnosticsManager] sun.io.unicode.encoding = UnicodeLittle
2024-08-03 19:54:47.784+0000 INFO [o.n.k.i.DiagnosticsManager] (IANA) TimeZone Database Version:
2024-08-03 19:54:47.796+0000 INFO [o.n.k.i.DiagnosticsManager]   TimeZone version: 2023c (available for 603 zone identifiers)
2024-08-03 19:54:47.796+0000 INFO [o.n.k.i.DiagnosticsManager] Linux scheduler information:
2024-08-03 19:54:47.797+0000 INFO [o.n.k.i.DiagnosticsManager] [none] mq-deadline 
2024-08-03 19:54:47.797+0000 INFO [o.n.k.i.DiagnosticsManager] [none] mq-deadline 
2024-08-03 19:54:47.798+0000 INFO [o.n.k.i.DiagnosticsManager] [none] mq-deadline 
2024-08-03 19:54:47.798+0000 INFO [o.n.k.i.DiagnosticsManager] [none] mq-deadline 
2024-08-03 19:54:47.798+0000 INFO [o.n.k.i.DiagnosticsManager] [none] mq-deadline 
2024-08-03 19:54:47.798+0000 INFO [o.n.k.i.DiagnosticsManager] [none] mq-deadline 
2024-08-03 19:54:47.798+0000 INFO [o.n.k.i.DiagnosticsManager] [none] mq-deadline 
2024-08-03 19:54:47.798+0000 INFO [o.n.k.i.DiagnosticsManager] [none] mq-deadline 
2024-08-03 19:54:47.798+0000 INFO [o.n.k.i.DiagnosticsManager] [none] mq-deadline 
2024-08-03 19:54:47.798+0000 INFO [o.n.k.i.DiagnosticsManager] [none] mq-deadline 
2024-08-03 19:54:47.798+0000 INFO [o.n.k.i.DiagnosticsManager] [none] mq-deadline 
2024-08-03 19:54:47.798+0000 INFO [o.n.k.i.DiagnosticsManager] [none] mq-deadline 
2024-08-03 19:54:47.798+0000 INFO [o.n.k.i.DiagnosticsManager] [none] mq-deadline 
2024-08-03 19:54:47.798+0000 INFO [o.n.k.i.DiagnosticsManager] [none] mq-deadline 
2024-08-03 19:54:47.798+0000 INFO [o.n.k.i.DiagnosticsManager] [none] mq-deadline 
2024-08-03 19:54:47.798+0000 INFO [o.n.k.i.DiagnosticsManager] [none] mq-deadline 
2024-08-03 19:54:47.798+0000 INFO [o.n.k.i.DiagnosticsManager] [none] mq-deadline 
2024-08-03 19:54:47.799+0000 INFO [o.n.k.i.DiagnosticsManager] [none] mq-deadline 
2024-08-03 19:54:47.799+0000 INFO [o.n.k.i.DiagnosticsManager] [none] mq-deadline 
2024-08-03 19:54:47.799+0000 INFO [o.n.k.i.DiagnosticsManager] [none] mq-deadline 
2024-08-03 19:54:47.799+0000 INFO [o.n.k.i.DiagnosticsManager] [none] mq-deadline 
2024-08-03 19:54:47.799+0000 INFO [o.n.k.i.DiagnosticsManager] [none] mq-deadline 
2024-08-03 19:54:47.799+0000 INFO [o.n.k.i.DiagnosticsManager] [none] mq-deadline 
2024-08-03 19:54:47.799+0000 INFO [o.n.k.i.DiagnosticsManager] [none] mq-deadline 
2024-08-03 19:54:47.799+0000 INFO [o.n.k.i.DiagnosticsManager] [none] mq-deadline 
2024-08-03 19:54:47.799+0000 INFO [o.n.k.i.DiagnosticsManager] [none] mq-deadline 
2024-08-03 19:54:47.799+0000 INFO [o.n.k.i.DiagnosticsManager] [none] mq-deadline 
2024-08-03 19:54:47.799+0000 INFO [o.n.k.i.DiagnosticsManager] [none] mq-deadline 
2024-08-03 19:54:47.799+0000 INFO [o.n.k.i.DiagnosticsManager] [none] mq-deadline 
2024-08-03 19:54:47.799+0000 INFO [o.n.k.i.DiagnosticsManager] [none] mq-deadline 
2024-08-03 19:54:47.799+0000 INFO [o.n.k.i.DiagnosticsManager] Network information:
2024-08-03 19:54:47.800+0000 INFO [o.n.k.i.DiagnosticsManager] Interface br-22176264cd2f:
2024-08-03 19:54:47.800+0000 INFO [o.n.k.i.DiagnosticsManager]     address: 172.26.0.1
2024-08-03 19:54:47.800+0000 INFO [o.n.k.i.DiagnosticsManager] Interface br-0f935fb3dbd0:
2024-08-03 19:54:47.800+0000 INFO [o.n.k.i.DiagnosticsManager]     address: 192.168.32.1
2024-08-03 19:54:47.800+0000 INFO [o.n.k.i.DiagnosticsManager] Interface br-018a52e0017d:
2024-08-03 19:54:47.800+0000 INFO [o.n.k.i.DiagnosticsManager]     address: 172.22.0.1
2024-08-03 19:54:47.800+0000 INFO [o.n.k.i.DiagnosticsManager] Interface br-515eafa895d5:
2024-08-03 19:54:47.800+0000 INFO [o.n.k.i.DiagnosticsManager]     address: 172.21.0.1
2024-08-03 19:54:47.800+0000 INFO [o.n.k.i.DiagnosticsManager] Interface br-4217a045676e:
2024-08-03 19:54:47.800+0000 INFO [o.n.k.i.DiagnosticsManager]     address: 172.24.0.1
2024-08-03 19:54:47.800+0000 INFO [o.n.k.i.DiagnosticsManager] Interface docker0:
2024-08-03 19:54:47.800+0000 INFO [o.n.k.i.DiagnosticsManager]     address: fe80:0:0:0:42:b0ff:fe97:954b%docker0
2024-08-03 19:54:47.800+0000 INFO [o.n.k.i.DiagnosticsManager]     address: 172.17.0.1
2024-08-03 19:54:47.800+0000 INFO [o.n.k.i.DiagnosticsManager] Interface vboxnet0:
2024-08-03 19:54:47.800+0000 INFO [o.n.k.i.DiagnosticsManager]     address: fe80:0:0:0:800:27ff:fe00:0%vboxnet0
2024-08-03 19:54:47.800+0000 INFO [o.n.k.i.DiagnosticsManager]     address: 192.168.56.1
2024-08-03 19:54:47.800+0000 INFO [o.n.k.i.DiagnosticsManager] Interface wlp0s20f3:
2024-08-03 19:54:47.800+0000 INFO [o.n.k.i.DiagnosticsManager]     address: fe80:0:0:0:5e59:583c:e1ec:3ed2%wlp0s20f3
2024-08-03 19:54:47.800+0000 INFO [o.n.k.i.DiagnosticsManager]     address: 192.168.0.114
2024-08-03 19:54:47.800+0000 INFO [o.n.k.i.DiagnosticsManager] Interface lo:
2024-08-03 19:54:47.800+0000 INFO [o.n.k.i.DiagnosticsManager]     address: 0:0:0:0:0:0:0:1%lo
2024-08-03 19:54:47.800+0000 INFO [o.n.k.i.DiagnosticsManager]     address: 127.0.0.1
2024-08-03 19:54:47.800+0000 INFO [o.n.k.i.DiagnosticsManager] --- INITIALIZED diagnostics END ---
2024-08-03 19:54:47.850+0000 INFO [o.n.m.MetricsExtension] Initiating metrics...
2024-08-03 19:54:47.913+0000 INFO [o.n.k.i.s.f.RecordFormatSelector] Selected format 'RecordFormat:StandardV3_4[v0.A.9]' for the new store
2024-08-03 19:54:48.059+0000 INFO [o.n.k.i.i.l.NativeLabelScanStore] No label index found, this might just be first use. Preparing to rebuild.
2024-08-03 19:54:48.073+0000 INFO [o.n.k.NeoStoreDataSource] Rotated to transaction log [/media/armazenamento/www/exakat/exacat-phar/exakat-2.6.7/tinkergraph/db/neo4j/neostore.transaction.db.0] version=0, last transaction in previous log=1
2024-08-03 19:54:48.073+0000 INFO [o.n.k.NeoStoreDataSource] No commits found after last check point (which is at <no log position given>)
2024-08-03 19:54:48.078+0000 WARN [o.n.k.i.s.MetaDataStore] Missing counts store, rebuilding it.
2024-08-03 19:54:48.141+0000 WARN [o.n.k.i.s.MetaDataStore] Counts store rebuild completed.
2024-08-03 19:54:48.148+0000 INFO [o.n.k.i.i.l.NativeLabelScanStore] Rebuilding label index, this may take a while
2024-08-03 19:54:48.151+0000 INFO [o.n.k.i.i.l.NativeLabelScanStore] Label index rebuilt (roughly 0 nodes)
2024-08-03 19:54:48.159+0000 INFO [o.n.k.i.DatabaseHealth] Database health set to OK
2024-08-03 19:54:48.298+0000 INFO [o.n.m.MetricsExtension] Sending metrics to CSV file at /media/armazenamento/www/exakat/exacat-phar/exakat-2.6.7/tinkergraph/db/neo4j/metrics
2024-08-03 19:54:48.341+0000 INFO [o.n.b.i.BackupServer] BackupServer communication server started and bound to /127.0.0.1:6362
2024-08-03 19:54:48.344+0000 INFO [o.n.k.AvailabilityGuard] Fulfilling of requirement makes database available: Database available
2024-08-03 19:54:48.344+0000 INFO [o.n.k.i.f.GraphDatabaseFacadeFactory] Database is now ready
2024-08-03 19:54:48.346+0000 INFO [o.n.k.i.DiagnosticsManager] --- STARTED diagnostics for KernelDiagnostics:Versions START ---
2024-08-03 19:54:48.346+0000 INFO [o.n.k.i.DiagnosticsManager] Graph Database: community single StoreId{creationTime=1722714888015, randomId=-2732806001912982239, storeVersion=16094931155187206, upgradeTime=1722714888015, upgradeId=1}
2024-08-03 19:54:48.346+0000 INFO [o.n.k.i.DiagnosticsManager] Kernel version: 3.4.11,caef93a0f23fead51dd7995db1a018ef0321b923
2024-08-03 19:54:48.346+0000 INFO [o.n.k.i.DiagnosticsManager] --- STARTED diagnostics for KernelDiagnostics:Versions END ---
2024-08-03 19:54:48.347+0000 INFO [o.n.k.i.DiagnosticsManager] --- STARTED diagnostics for NEO_STORE_VERSIONS START ---
2024-08-03 19:54:48.347+0000 INFO [o.n.k.i.DiagnosticsManager] Store versions:
2024-08-03 19:54:48.347+0000 INFO [o.n.k.i.DiagnosticsManager] Store versions:
2024-08-03 19:54:48.347+0000 INFO [o.n.k.i.DiagnosticsManager]   ArrayPropertyStore v0.A.9
2024-08-03 19:54:48.347+0000 INFO [o.n.k.i.DiagnosticsManager]   NodeStore v0.A.9
2024-08-03 19:54:48.347+0000 INFO [o.n.k.i.DiagnosticsManager]   StringPropertyStore v0.A.9
2024-08-03 19:54:48.347+0000 INFO [o.n.k.i.DiagnosticsManager]   PropertyIndexStore v0.A.9
2024-08-03 19:54:48.347+0000 INFO [o.n.k.i.DiagnosticsManager]   StringPropertyStore v0.A.9
2024-08-03 19:54:48.347+0000 INFO [o.n.k.i.DiagnosticsManager]   ArrayPropertyStore v0.A.9
2024-08-03 19:54:48.347+0000 INFO [o.n.k.i.DiagnosticsManager]   PropertyStore v0.A.9
2024-08-03 19:54:48.347+0000 INFO [o.n.k.i.DiagnosticsManager]   RelationshipStore v0.A.9
2024-08-03 19:54:48.347+0000 INFO [o.n.k.i.DiagnosticsManager]   StringPropertyStore v0.A.9
2024-08-03 19:54:48.347+0000 INFO [o.n.k.i.DiagnosticsManager]   RelationshipTypeStore v0.A.9
2024-08-03 19:54:48.347+0000 INFO [o.n.k.i.DiagnosticsManager]   StringPropertyStore v0.A.9
2024-08-03 19:54:48.347+0000 INFO [o.n.k.i.DiagnosticsManager]   LabelTokenStore v0.A.9
2024-08-03 19:54:48.348+0000 INFO [o.n.k.i.DiagnosticsManager]   SchemaStore v0.A.9
2024-08-03 19:54:48.348+0000 INFO [o.n.k.i.DiagnosticsManager]   RelationshipGroupStore v0.A.9
2024-08-03 19:54:48.348+0000 INFO [o.n.k.i.DiagnosticsManager]   NeoStore v0.A.9
2024-08-03 19:54:48.348+0000 INFO [o.n.k.i.DiagnosticsManager] --- STARTED diagnostics for NEO_STORE_VERSIONS END ---
2024-08-03 19:54:48.348+0000 INFO [o.n.k.i.DiagnosticsManager] --- STARTED diagnostics for NEO_STORE_ID_USAGE START ---
2024-08-03 19:54:48.348+0000 INFO [o.n.k.i.DiagnosticsManager] Id usage:
2024-08-03 19:54:48.348+0000 INFO [o.n.k.i.DiagnosticsManager] Id usage:
2024-08-03 19:54:48.348+0000 INFO [o.n.k.i.DiagnosticsManager]   ArrayPropertyStore: used=1 high=0
2024-08-03 19:54:48.348+0000 INFO [o.n.k.i.DiagnosticsManager]   NodeStore: used=0 high=-1
2024-08-03 19:54:48.348+0000 INFO [o.n.k.i.DiagnosticsManager]   StringPropertyStore: used=1 high=0
2024-08-03 19:54:48.348+0000 INFO [o.n.k.i.DiagnosticsManager]   PropertyIndexStore: used=0 high=-1
2024-08-03 19:54:48.348+0000 INFO [o.n.k.i.DiagnosticsManager]   StringPropertyStore: used=1 high=0
2024-08-03 19:54:48.348+0000 INFO [o.n.k.i.DiagnosticsManager]   ArrayPropertyStore: used=1 high=0
2024-08-03 19:54:48.348+0000 INFO [o.n.k.i.DiagnosticsManager]   PropertyStore: used=0 high=-1
2024-08-03 19:54:48.348+0000 INFO [o.n.k.i.DiagnosticsManager]   RelationshipStore: used=0 high=-1
2024-08-03 19:54:48.348+0000 INFO [o.n.k.i.DiagnosticsManager]   StringPropertyStore: used=1 high=0
2024-08-03 19:54:48.348+0000 INFO [o.n.k.i.DiagnosticsManager]   RelationshipTypeStore: used=0 high=-1
2024-08-03 19:54:48.348+0000 INFO [o.n.k.i.DiagnosticsManager]   StringPropertyStore: used=1 high=0
2024-08-03 19:54:48.348+0000 INFO [o.n.k.i.DiagnosticsManager]   LabelTokenStore: used=0 high=-1
2024-08-03 19:54:48.348+0000 INFO [o.n.k.i.DiagnosticsManager]   SchemaStore: used=1 high=0
2024-08-03 19:54:48.348+0000 INFO [o.n.k.i.DiagnosticsManager]   RelationshipGroupStore: used=1 high=0
2024-08-03 19:54:48.348+0000 INFO [o.n.k.i.DiagnosticsManager]   NeoStore: used=15 high=14
2024-08-03 19:54:48.348+0000 INFO [o.n.k.i.DiagnosticsManager] --- STARTED diagnostics for NEO_STORE_ID_USAGE END ---
2024-08-03 19:54:48.349+0000 INFO [o.n.k.i.DiagnosticsManager] --- STARTED diagnostics for NEO_STORE_RECORDS START ---
2024-08-03 19:54:48.349+0000 INFO [o.n.k.i.DiagnosticsManager] Neostore records:
2024-08-03 19:54:48.349+0000 INFO [o.n.k.i.DiagnosticsManager] TIME (Creation time): 1722714888015
2024-08-03 19:54:48.349+0000 INFO [o.n.k.i.DiagnosticsManager] RANDOM_NUMBER (Random number for store id): -2732806001912982239
2024-08-03 19:54:48.349+0000 INFO [o.n.k.i.DiagnosticsManager] LOG_VERSION (Current log version): 0
2024-08-03 19:54:48.349+0000 INFO [o.n.k.i.DiagnosticsManager] LAST_TRANSACTION_ID (Last committed transaction): 1
2024-08-03 19:54:48.349+0000 INFO [o.n.k.i.DiagnosticsManager] STORE_VERSION (Store format version): 16094931155187206
2024-08-03 19:54:48.349+0000 INFO [o.n.k.i.DiagnosticsManager] FIRST_GRAPH_PROPERTY (First property record containing graph properties): -1
2024-08-03 19:54:48.349+0000 INFO [o.n.k.i.DiagnosticsManager] LAST_CONSTRAINT_TRANSACTION (Last committed transaction containing constraint changes): 0
2024-08-03 19:54:48.349+0000 INFO [o.n.k.i.DiagnosticsManager] UPGRADE_TRANSACTION_ID (Transaction id most recent upgrade was performed at): 1
2024-08-03 19:54:48.349+0000 INFO [o.n.k.i.DiagnosticsManager] UPGRADE_TIME (Time of last upgrade): 1722714888015
2024-08-03 19:54:48.349+0000 INFO [o.n.k.i.DiagnosticsManager] LAST_TRANSACTION_CHECKSUM (Checksum of last committed transaction): 0
2024-08-03 19:54:48.349+0000 INFO [o.n.k.i.DiagnosticsManager] UPGRADE_TRANSACTION_CHECKSUM (Checksum of transaction id the most recent upgrade was performed at): 0
2024-08-03 19:54:48.349+0000 INFO [o.n.k.i.DiagnosticsManager] LAST_CLOSED_TRANSACTION_LOG_VERSION (Log version where the last transaction commit entry has been written into): 0
2024-08-03 19:54:48.349+0000 INFO [o.n.k.i.DiagnosticsManager] LAST_CLOSED_TRANSACTION_LOG_BYTE_OFFSET (Byte offset in the log file where the last transaction commit entry has been written into): 16
2024-08-03 19:54:48.349+0000 INFO [o.n.k.i.DiagnosticsManager] LAST_TRANSACTION_COMMIT_TIMESTAMP (Commit time timestamp for last committed transaction): 0
2024-08-03 19:54:48.349+0000 INFO [o.n.k.i.DiagnosticsManager] UPGRADE_TRANSACTION_COMMIT_TIMESTAMP (Commit timestamp of transaction the most recent upgrade was performed at): 0
2024-08-03 19:54:48.349+0000 INFO [o.n.k.i.DiagnosticsManager] --- STARTED diagnostics for NEO_STORE_RECORDS END ---
2024-08-03 19:54:48.350+0000 INFO [o.n.k.i.DiagnosticsManager] --- STARTED diagnostics for TRANSACTION_RANGE START ---
2024-08-03 19:54:48.350+0000 INFO [o.n.k.i.DiagnosticsManager] Transaction log:
2024-08-03 19:54:48.350+0000 INFO [o.n.k.i.DiagnosticsManager] No transactions found in any log
2024-08-03 19:54:48.350+0000 INFO [o.n.k.i.DiagnosticsManager] --- STARTED diagnostics for TRANSACTION_RANGE END ---
2024-08-03 19:54:48.350+0000 INFO [o.n.k.i.DiagnosticsManager] --- STARTED diagnostics for KernelDiagnostics:StoreFiles START ---
2024-08-03 19:54:48.350+0000 INFO [o.n.k.i.DiagnosticsManager] Disk space on partition (Total / Free / Free %): 983358451712 / 59445121024 / 6
2024-08-03 19:54:48.350+0000 INFO [o.n.k.i.DiagnosticsManager] Storage files: (filename : modification date - size)
2024-08-03 19:54:48.351+0000 INFO [o.n.k.i.DiagnosticsManager]   index:
2024-08-03 19:54:48.351+0000 INFO [o.n.k.i.DiagnosticsManager]   - Total: 2024-08-03T16:54:48-0300 - 0.00 B
2024-08-03 19:54:48.351+0000 INFO [o.n.k.i.DiagnosticsManager]   logs:
2024-08-03 19:54:48.351+0000 INFO [o.n.k.i.DiagnosticsManager]     debug.log: 2024-08-03T16:54:48-0300 - 57.23 kB
2024-08-03 19:54:48.351+0000 INFO [o.n.k.i.DiagnosticsManager]   - Total: 2024-08-03T16:54:47-0300 - 57.23 kB
2024-08-03 19:54:48.351+0000 INFO [o.n.k.i.DiagnosticsManager]   metrics:
2024-08-03 19:54:48.351+0000 INFO [o.n.k.i.DiagnosticsManager]   - Total: 2024-08-03T16:54:47-0300 - 0.00 B
2024-08-03 19:54:48.352+0000 INFO [o.n.k.i.DiagnosticsManager]   neostore: 2024-08-03T16:54:48-0300 - 8.00 kB
2024-08-03 19:54:48.352+0000 INFO [o.n.k.i.DiagnosticsManager]   neostore.counts.db.a: 2024-08-03T16:54:48-0300 - 96.00 B
2024-08-03 19:54:48.352+0000 INFO [o.n.k.i.DiagnosticsManager]   neostore.id: 2024-08-03T16:54:48-0300 - 9.00 B
2024-08-03 19:54:48.352+0000 INFO [o.n.k.i.DiagnosticsManager]   neostore.labelscanstore.db: 2024-08-03T16:54:48-0300 - 40.00 kB
2024-08-03 19:54:48.352+0000 INFO [o.n.k.i.DiagnosticsManager]   neostore.labeltokenstore.db: 2024-08-03T16:54:47-0300 - 0.00 B
2024-08-03 19:54:48.352+0000 INFO [o.n.k.i.DiagnosticsManager]   neostore.labeltokenstore.db.id: 2024-08-03T16:54:47-0300 - 9.00 B
2024-08-03 19:54:48.352+0000 INFO [o.n.k.i.DiagnosticsManager]   neostore.labeltokenstore.db.names: 2024-08-03T16:54:47-0300 - 8.00 kB
2024-08-03 19:54:48.352+0000 INFO [o.n.k.i.DiagnosticsManager]   neostore.labeltokenstore.db.names.id: 2024-08-03T16:54:47-0300 - 9.00 B
2024-08-03 19:54:48.352+0000 INFO [o.n.k.i.DiagnosticsManager]   neostore.nodestore.db: 2024-08-03T16:54:47-0300 - 0.00 B
2024-08-03 19:54:48.352+0000 INFO [o.n.k.i.DiagnosticsManager]   neostore.nodestore.db.id: 2024-08-03T16:54:47-0300 - 9.00 B
2024-08-03 19:54:48.352+0000 INFO [o.n.k.i.DiagnosticsManager]   neostore.nodestore.db.labels: 2024-08-03T16:54:47-0300 - 8.00 kB
2024-08-03 19:54:48.352+0000 INFO [o.n.k.i.DiagnosticsManager]   neostore.nodestore.db.labels.id: 2024-08-03T16:54:47-0300 - 9.00 B
2024-08-03 19:54:48.352+0000 INFO [o.n.k.i.DiagnosticsManager]   neostore.propertystore.db: 2024-08-03T16:54:47-0300 - 0.00 B
2024-08-03 19:54:48.352+0000 INFO [o.n.k.i.DiagnosticsManager]   neostore.propertystore.db.arrays: 2024-08-03T16:54:47-0300 - 8.00 kB
2024-08-03 19:54:48.353+0000 INFO [o.n.k.i.DiagnosticsManager]   neostore.propertystore.db.arrays.id: 2024-08-03T16:54:47-0300 - 9.00 B
2024-08-03 19:54:48.353+0000 INFO [o.n.k.i.DiagnosticsManager]   neostore.propertystore.db.id: 2024-08-03T16:54:47-0300 - 9.00 B
2024-08-03 19:54:48.353+0000 INFO [o.n.k.i.DiagnosticsManager]   neostore.propertystore.db.index: 2024-08-03T16:54:47-0300 - 0.00 B
2024-08-03 19:54:48.353+0000 INFO [o.n.k.i.DiagnosticsManager]   neostore.propertystore.db.index.id: 2024-08-03T16:54:47-0300 - 9.00 B
2024-08-03 19:54:48.353+0000 INFO [o.n.k.i.DiagnosticsManager]   neostore.propertystore.db.index.keys: 2024-08-03T16:54:47-0300 - 8.00 kB
2024-08-03 19:54:48.353+0000 INFO [o.n.k.i.DiagnosticsManager]   neostore.propertystore.db.index.keys.id: 2024-08-03T16:54:47-0300 - 9.00 B
2024-08-03 19:54:48.353+0000 INFO [o.n.k.i.DiagnosticsManager]   neostore.propertystore.db.strings: 2024-08-03T16:54:47-0300 - 8.00 kB
2024-08-03 19:54:48.353+0000 INFO [o.n.k.i.DiagnosticsManager]   neostore.propertystore.db.strings.id: 2024-08-03T16:54:47-0300 - 9.00 B
2024-08-03 19:54:48.353+0000 INFO [o.n.k.i.DiagnosticsManager]   neostore.relationshipgroupstore.db: 2024-08-03T16:54:47-0300 - 8.00 kB
2024-08-03 19:54:48.353+0000 INFO [o.n.k.i.DiagnosticsManager]   neostore.relationshipgroupstore.db.id: 2024-08-03T16:54:47-0300 - 9.00 B
2024-08-03 19:54:48.353+0000 INFO [o.n.k.i.DiagnosticsManager]   neostore.relationshipstore.db: 2024-08-03T16:54:47-0300 - 0.00 B
2024-08-03 19:54:48.353+0000 INFO [o.n.k.i.DiagnosticsManager]   neostore.relationshipstore.db.id: 2024-08-03T16:54:47-0300 - 9.00 B
2024-08-03 19:54:48.354+0000 INFO [o.n.k.i.DiagnosticsManager]   neostore.relationshiptypestore.db: 2024-08-03T16:54:47-0300 - 0.00 B
2024-08-03 19:54:48.354+0000 INFO [o.n.k.i.DiagnosticsManager]   neostore.relationshiptypestore.db.id: 2024-08-03T16:54:47-0300 - 9.00 B
2024-08-03 19:54:48.354+0000 INFO [o.n.k.i.DiagnosticsManager]   neostore.relationshiptypestore.db.names: 2024-08-03T16:54:47-0300 - 8.00 kB
2024-08-03 19:54:48.354+0000 INFO [o.n.k.i.DiagnosticsManager]   neostore.relationshiptypestore.db.names.id: 2024-08-03T16:54:47-0300 - 9.00 B
2024-08-03 19:54:48.354+0000 INFO [o.n.k.i.DiagnosticsManager]   neostore.schemastore.db: 2024-08-03T16:54:47-0300 - 8.00 kB
2024-08-03 19:54:48.354+0000 INFO [o.n.k.i.DiagnosticsManager]   neostore.schemastore.db.id: 2024-08-03T16:54:47-0300 - 9.00 B
2024-08-03 19:54:48.354+0000 INFO [o.n.k.i.DiagnosticsManager]   neostore.transaction.db.0: 2024-08-03T16:54:48-0300 - 16.00 B
2024-08-03 19:54:48.354+0000 INFO [o.n.k.i.DiagnosticsManager]   profiles:
2024-08-03 19:54:48.354+0000 INFO [o.n.k.i.DiagnosticsManager]     neostore.0.cacheprof: 2024-08-03T16:54:48-0300 - 21.00 B
2024-08-03 19:54:48.354+0000 INFO [o.n.k.i.DiagnosticsManager]     neostore.counts.db.a.0.cacheprof: 2024-08-03T16:54:48-0300 - 21.00 B
2024-08-03 19:54:48.354+0000 INFO [o.n.k.i.DiagnosticsManager]     neostore.labelscanstore.db.0.cacheprof: 2024-08-03T16:54:48-0300 - 21.00 B
2024-08-03 19:54:48.354+0000 INFO [o.n.k.i.DiagnosticsManager]     neostore.labeltokenstore.db.0.cacheprof: 2024-08-03T16:54:48-0300 - 21.00 B
2024-08-03 19:54:48.354+0000 INFO [o.n.k.i.DiagnosticsManager]     neostore.labeltokenstore.db.names.0.cacheprof: 2024-08-03T16:54:48-0300 - 21.00 B
2024-08-03 19:54:48.354+0000 INFO [o.n.k.i.DiagnosticsManager]     neostore.nodestore.db.0.cacheprof: 2024-08-03T16:54:48-0300 - 21.00 B
2024-08-03 19:54:48.355+0000 INFO [o.n.k.i.DiagnosticsManager]     neostore.nodestore.db.labels.0.cacheprof: 2024-08-03T16:54:48-0300 - 21.00 B
2024-08-03 19:54:48.355+0000 INFO [o.n.k.i.DiagnosticsManager]     neostore.propertystore.db.0.cacheprof: 2024-08-03T16:54:48-0300 - 21.00 B
2024-08-03 19:54:48.355+0000 INFO [o.n.k.i.DiagnosticsManager]     neostore.propertystore.db.arrays.0.cacheprof: 2024-08-03T16:54:48-0300 - 21.00 B
2024-08-03 19:54:48.355+0000 INFO [o.n.k.i.DiagnosticsManager]     neostore.propertystore.db.index.0.cacheprof: 2024-08-03T16:54:48-0300 - 21.00 B
2024-08-03 19:54:48.355+0000 INFO [o.n.k.i.DiagnosticsManager]     neostore.propertystore.db.index.keys.0.cacheprof: 2024-08-03T16:54:48-0300 - 21.00 B
2024-08-03 19:54:48.355+0000 INFO [o.n.k.i.DiagnosticsManager]     neostore.propertystore.db.strings.0.cacheprof: 2024-08-03T16:54:48-0300 - 21.00 B
2024-08-03 19:54:48.355+0000 INFO [o.n.k.i.DiagnosticsManager]     neostore.relationshipgroupstore.db.0.cacheprof: 2024-08-03T16:54:48-0300 - 21.00 B
2024-08-03 19:54:48.355+0000 INFO [o.n.k.i.DiagnosticsManager]     neostore.relationshipstore.db.0.cacheprof: 2024-08-03T16:54:48-0300 - 21.00 B
2024-08-03 19:54:48.355+0000 INFO [o.n.k.i.DiagnosticsManager]     neostore.relationshiptypestore.db.0.cacheprof: 2024-08-03T16:54:48-0300 - 21.00 B
2024-08-03 19:54:48.355+0000 INFO [o.n.k.i.DiagnosticsManager]     neostore.relationshiptypestore.db.names.0.cacheprof: 2024-08-03T16:54:48-0300 - 21.00 B
2024-08-03 19:54:48.355+0000 INFO [o.n.k.i.DiagnosticsManager]     neostore.schemastore.db.0.cacheprof: 2024-08-03T16:54:48-0300 - 21.00 B
2024-08-03 19:54:48.355+0000 INFO [o.n.k.i.DiagnosticsManager]   - Total: 2024-08-03T16:54:48-0300 - 357.00 B
2024-08-03 19:54:48.355+0000 INFO [o.n.k.i.DiagnosticsManager]   store_lock: 2024-08-03T16:54:47-0300 - 0.00 B
2024-08-03 19:54:48.355+0000 INFO [o.n.k.i.DiagnosticsManager] Storage summary: 
2024-08-03 19:54:48.355+0000 INFO [o.n.k.i.DiagnosticsManager]   Total size of store: 169.82 kB
2024-08-03 19:54:48.355+0000 INFO [o.n.k.i.DiagnosticsManager]   Total size of mapped files: 112.00 kB
2024-08-03 19:54:48.355+0000 INFO [o.n.k.i.DiagnosticsManager] --- STARTED diagnostics for KernelDiagnostics:StoreFiles END ---
2024-08-03 19:54:51.353+0000 WARN [o.n.m.s.s.ServerMetrics] Server thread metrics not available (missing neo4j.server.threads.jetty.all)
2024-08-03 19:54:51.354+0000 WARN [o.n.m.s.s.ServerMetrics] Server thread metrics not available (missing neo4j.server.threads.jetty.idle)
2024-08-03 19:55:19.280+0000 INFO [o.n.k.i.f.GraphDatabaseFacadeFactory] Shutdown started
2024-08-03 19:55:19.281+0000 INFO [o.n.k.i.f.GraphDatabaseFacadeFactory] Database is now unavailable
2024-08-03 19:55:19.281+0000 INFO [o.n.b.i.BackupServer] BackupServer communication server shutting down and unbinding from  /127.0.0.1:6362
2024-08-03 19:55:19.294+0000 INFO [o.n.k.i.t.l.c.CheckPointerImpl] Checkpoint triggered by database shutdown @ txId: 1 checkpoint started...
2024-08-03 19:55:19.299+0000 INFO [o.n.k.i.t.l.c.CheckPointerImpl] Checkpoint triggered by database shutdown @ txId: 1 checkpoint completed in 4ms
2024-08-03 19:55:19.299+0000 INFO [o.n.k.i.t.l.p.LogPruningImpl] No log version pruned, last checkpoint was made in version 0
2024-08-03 19:55:19.309+0000 INFO [o.n.k.i.DiagnosticsManager] --- STOPPING diagnostics START ---
2024-08-03 19:55:19.309+0000 INFO [o.n.k.i.DiagnosticsManager] --- STOPPING diagnostics END ---
